  [1m[35m (0.1ms)[0m  [1m[34mSELECT sqlite_version(*)[0m
  ↳ bin/rails:9
  [1m[35m (2.1ms)[0m  [1m[35mCREATE TABLE "schema_migrations" ("version" varchar NOT NULL PRIMARY KEY)[0m
  ↳ bin/rails:9
  [1m[35m (1.1ms)[0m  [1m[35mCREATE TABLE "ar_internal_metadata" ("key" varchar NOT NULL PRIMARY KEY, "value" varchar, "created_at" datetime NOT NULL, "updated_at" datetime NOT NULL)[0m
  ↳ bin/rails:9
  [1m[35m (0.1ms)[0m  [1m[34mSELECT "schema_migrations"."version" FROM "schema_migrations" ORDER BY "schema_migrations"."version" ASC[0m
  ↳ bin/rails:9
Migrating to CreateUsers (20190730140701)
  [1m[35m (0.0ms)[0m  [1m[36mbegin transaction[0m
  ↳ bin/rails:9
  [1m[35m (0.3ms)[0m  [1m[35mCREATE TABLE "users" ("id" integer PRIMARY KEY AUTOINCREMENT NOT NULL, "firstname" varchar, "lastname" varchar, "trail_id" integer, "created_at" datetime NOT NULL, "updated_at" datetime NOT NULL, CONSTRAINT "fk_rails_611ff44db9"
FOREIGN KEY ("trail_id")
  REFERENCES "trails" ("id")
)[0m
  ↳ db/migrate/20190730140701_create_users.rb:3
  [1m[35m (0.1ms)[0m  [1m[35mCREATE  INDEX "index_users_on_trail_id" ON "users" ("trail_id")[0m
  ↳ db/migrate/20190730140701_create_users.rb:3
  [1m[36mActiveRecord::SchemaMigration Create (0.1ms)[0m  [1m[32mINSERT INTO "schema_migrations" ("version") VALUES (?)[0m  [["version", "20190730140701"]]
  ↳ bin/rails:9
  [1m[35m (0.7ms)[0m  [1m[36mcommit transaction[0m
  ↳ bin/rails:9
Migrating to CreateTrails (20190730140951)
  [1m[35m (0.0ms)[0m  [1m[36mbegin transaction[0m
  ↳ bin/rails:9
  [1m[35m (0.0ms)[0m  [1m[31mrollback transaction[0m
  ↳ bin/rails:9
  [1m[35m (0.1ms)[0m  [1m[34mSELECT "schema_migrations"."version" FROM "schema_migrations" ORDER BY "schema_migrations"."version" ASC[0m
  ↳ bin/rails:9
Migrating to CreateTrails (20190730140951)
  [1m[35m (0.0ms)[0m  [1m[36mbegin transaction[0m
  ↳ bin/rails:9
  [1m[35m (0.1ms)[0m  [1m[34mSELECT sqlite_version(*)[0m
  ↳ db/migrate/20190730140951_create_trails.rb:3
  [1m[35m (0.4ms)[0m  [1m[35mCREATE TABLE "trails" ("id" integer PRIMARY KEY AUTOINCREMENT NOT NULL, "name" varchar, "summary" varchar, "type" varchar, "difficulty" varchar, "stars" float, "location" varchar, "url" varchar, "consitionStatus" varchar, "conditionDate" varchar, "img" varchar, "length" float, "ascent" float, "descent" float, "lat" float, "long" float, "apiid" float, "user_id" integer, "created_at" datetime NOT NULL, "updated_at" datetime NOT NULL, CONSTRAINT "fk_rails_7935f48c84"
FOREIGN KEY ("user_id")
  REFERENCES "users" ("id")
)[0m
  ↳ db/migrate/20190730140951_create_trails.rb:3
  [1m[35m (0.1ms)[0m  [1m[35mCREATE  INDEX "index_trails_on_user_id" ON "trails" ("user_id")[0m
  ↳ db/migrate/20190730140951_create_trails.rb:3
  [1m[36mActiveRecord::SchemaMigration Create (0.1ms)[0m  [1m[32mINSERT INTO "schema_migrations" ("version") VALUES (?)[0m  [["version", "20190730140951"]]
  ↳ bin/rails:9
  [1m[35m (0.8ms)[0m  [1m[36mcommit transaction[0m
  ↳ bin/rails:9
  [1m[36mActiveRecord::InternalMetadata Load (0.1ms)[0m  [1m[34mSELECT  "ar_internal_metadata".* FROM "ar_internal_metadata" WHERE "ar_internal_metadata"."key" = ? LIMIT ?[0m  [["key", "environment"], ["LIMIT", 1]]
  ↳ bin/rails:9
  [1m[35m (0.0ms)[0m  [1m[36mbegin transaction[0m
  ↳ bin/rails:9
  [1m[36mActiveRecord::InternalMetadata Create (0.2ms)[0m  [1m[32mINSERT INTO "ar_internal_metadata" ("key", "value", "created_at", "updated_at") VALUES (?, ?, ?, ?)[0m  [["key", "environment"], ["value", "development"], ["created_at", "2019-07-30 14:27:56.823788"], ["updated_at", "2019-07-30 14:27:56.823788"]]
  ↳ bin/rails:9
  [1m[35m (0.6ms)[0m  [1m[36mcommit transaction[0m
  ↳ bin/rails:9
  [1m[35m (0.1ms)[0m  [1m[34mSELECT "schema_migrations"."version" FROM "schema_migrations" ORDER BY "schema_migrations"."version" ASC[0m
  ↳ bin/rails:9
Started GET "/" for ::1 at 2019-07-30 08:41:54 -0600
  [1m[35m (0.1ms)[0m  [1m[34mSELECT "schema_migrations"."version" FROM "schema_migrations" ORDER BY "schema_migrations"."version" ASC[0m
  ↳ /Users/Arnold/.rvm/gems/ruby-2.6.1/gems/activerecord-5.2.3/lib/active_record/log_subscriber.rb:98
Processing by Rails::WelcomeController#index as HTML
  Rendering /Users/Arnold/.rvm/gems/ruby-2.6.1/gems/railties-5.2.3/lib/rails/templates/rails/welcome/index.html.erb
  Rendered /Users/Arnold/.rvm/gems/ruby-2.6.1/gems/railties-5.2.3/lib/rails/templates/rails/welcome/index.html.erb (3.1ms)
Completed 200 OK in 9ms (Views: 7.5ms | ActiveRecord: 0.0ms)


Started GET "/favicon.ico" for ::1 at 2019-07-30 08:41:54 -0600
  
ActionController::RoutingError (No route matches [GET] "/favicon.ico"):
  
actionpack (5.2.3) lib/action_dispatch/middleware/debug_exceptions.rb:65:in `call'
actionpack (5.2.3) lib/action_dispatch/middleware/show_exceptions.rb:33:in `call'
railties (5.2.3) lib/rails/rack/logger.rb:38:in `call_app'
railties (5.2.3) lib/rails/rack/logger.rb:26:in `block in call'
activesupport (5.2.3) lib/active_support/tagged_logging.rb:71:in `block in tagged'
activesupport (5.2.3) lib/active_support/tagged_logging.rb:28:in `tagged'
activesupport (5.2.3) lib/active_support/tagged_logging.rb:71:in `tagged'
railties (5.2.3) lib/rails/rack/logger.rb:26:in `call'
actionpack (5.2.3) lib/action_dispatch/middleware/remote_ip.rb:81:in `call'
actionpack (5.2.3) lib/action_dispatch/middleware/request_id.rb:27:in `call'
rack (2.0.7) lib/rack/runtime.rb:22:in `call'
activesupport (5.2.3) lib/active_support/cache/strategy/local_cache_middleware.rb:29:in `call'
actionpack (5.2.3) lib/action_dispatch/middleware/executor.rb:14:in `call'
actionpack (5.2.3) lib/action_dispatch/middleware/static.rb:127:in `call'
rack (2.0.7) lib/rack/sendfile.rb:111:in `call'
railties (5.2.3) lib/rails/engine.rb:524:in `call'
puma (3.12.1) lib/puma/configuration.rb:227:in `call'
puma (3.12.1) lib/puma/server.rb:660:in `handle_request'
puma (3.12.1) lib/puma/server.rb:474:in `process_client'
puma (3.12.1) lib/puma/server.rb:334:in `block in run'
puma (3.12.1) lib/puma/thread_pool.rb:135:in `block in spawn_thread'
Started GET "/favicon.ico" for ::1 at 2019-07-30 08:41:55 -0600
  
ActionController::RoutingError (No route matches [GET] "/favicon.ico"):
  
actionpack (5.2.3) lib/action_dispatch/middleware/debug_exceptions.rb:65:in `call'
actionpack (5.2.3) lib/action_dispatch/middleware/show_exceptions.rb:33:in `call'
railties (5.2.3) lib/rails/rack/logger.rb:38:in `call_app'
railties (5.2.3) lib/rails/rack/logger.rb:26:in `block in call'
activesupport (5.2.3) lib/active_support/tagged_logging.rb:71:in `block in tagged'
activesupport (5.2.3) lib/active_support/tagged_logging.rb:28:in `tagged'
activesupport (5.2.3) lib/active_support/tagged_logging.rb:71:in `tagged'
railties (5.2.3) lib/rails/rack/logger.rb:26:in `call'
actionpack (5.2.3) lib/action_dispatch/middleware/remote_ip.rb:81:in `call'
actionpack (5.2.3) lib/action_dispatch/middleware/request_id.rb:27:in `call'
rack (2.0.7) lib/rack/runtime.rb:22:in `call'
activesupport (5.2.3) lib/active_support/cache/strategy/local_cache_middleware.rb:29:in `call'
actionpack (5.2.3) lib/action_dispatch/middleware/executor.rb:14:in `call'
actionpack (5.2.3) lib/action_dispatch/middleware/static.rb:127:in `call'
rack (2.0.7) lib/rack/sendfile.rb:111:in `call'
railties (5.2.3) lib/rails/engine.rb:524:in `call'
puma (3.12.1) lib/puma/configuration.rb:227:in `call'
puma (3.12.1) lib/puma/server.rb:660:in `handle_request'
puma (3.12.1) lib/puma/server.rb:474:in `process_client'
puma (3.12.1) lib/puma/server.rb:334:in `block in run'
puma (3.12.1) lib/puma/thread_pool.rb:135:in `block in spawn_thread'
Started GET "/trails" for ::1 at 2019-07-30 08:42:04 -0600
  
ActionController::RoutingError (No route matches [GET] "/trails"):
  
actionpack (5.2.3) lib/action_dispatch/middleware/debug_exceptions.rb:65:in `call'
actionpack (5.2.3) lib/action_dispatch/middleware/show_exceptions.rb:33:in `call'
railties (5.2.3) lib/rails/rack/logger.rb:38:in `call_app'
railties (5.2.3) lib/rails/rack/logger.rb:26:in `block in call'
activesupport (5.2.3) lib/active_support/tagged_logging.rb:71:in `block in tagged'
activesupport (5.2.3) lib/active_support/tagged_logging.rb:28:in `tagged'
activesupport (5.2.3) lib/active_support/tagged_logging.rb:71:in `tagged'
railties (5.2.3) lib/rails/rack/logger.rb:26:in `call'
actionpack (5.2.3) lib/action_dispatch/middleware/remote_ip.rb:81:in `call'
actionpack (5.2.3) lib/action_dispatch/middleware/request_id.rb:27:in `call'
rack (2.0.7) lib/rack/runtime.rb:22:in `call'
activesupport (5.2.3) lib/active_support/cache/strategy/local_cache_middleware.rb:29:in `call'
actionpack (5.2.3) lib/action_dispatch/middleware/executor.rb:14:in `call'
actionpack (5.2.3) lib/action_dispatch/middleware/static.rb:127:in `call'
rack (2.0.7) lib/rack/sendfile.rb:111:in `call'
railties (5.2.3) lib/rails/engine.rb:524:in `call'
puma (3.12.1) lib/puma/configuration.rb:227:in `call'
puma (3.12.1) lib/puma/server.rb:660:in `handle_request'
puma (3.12.1) lib/puma/server.rb:474:in `process_client'
puma (3.12.1) lib/puma/server.rb:334:in `block in run'
puma (3.12.1) lib/puma/thread_pool.rb:135:in `block in spawn_thread'
Started GET "/" for ::1 at 2019-07-30 09:02:19 -0600
  [1m[35m (0.1ms)[0m  [1m[34mSELECT "schema_migrations"."version" FROM "schema_migrations" ORDER BY "schema_migrations"."version" ASC[0m
  ↳ /Users/Arnold/.rvm/gems/ruby-2.6.1/gems/activerecord-5.2.3/lib/active_record/log_subscriber.rb:98
Processing by Rails::WelcomeController#index as HTML
  Rendering /Users/Arnold/.rvm/gems/ruby-2.6.1/gems/railties-5.2.3/lib/rails/templates/rails/welcome/index.html.erb
  Rendered /Users/Arnold/.rvm/gems/ruby-2.6.1/gems/railties-5.2.3/lib/rails/templates/rails/welcome/index.html.erb (2.2ms)
Completed 200 OK in 4ms (Views: 3.7ms | ActiveRecord: 0.0ms)


Started GET "/trails" for ::1 at 2019-07-30 09:02:26 -0600
Processing by TrailsController#index as HTML
Completed 204 No Content in 6ms (ActiveRecord: 0.0ms)


Started GET "/trails" for ::1 at 2019-07-30 09:02:32 -0600
Processing by TrailsController#index as HTML
Completed 204 No Content in 0ms (ActiveRecord: 0.0ms)


Started GET "/trail" for ::1 at 2019-07-30 09:02:36 -0600
  
ActionController::RoutingError (No route matches [GET] "/trail"):
  
actionpack (5.2.3) lib/action_dispatch/middleware/debug_exceptions.rb:65:in `call'
actionpack (5.2.3) lib/action_dispatch/middleware/show_exceptions.rb:33:in `call'
railties (5.2.3) lib/rails/rack/logger.rb:38:in `call_app'
railties (5.2.3) lib/rails/rack/logger.rb:26:in `block in call'
activesupport (5.2.3) lib/active_support/tagged_logging.rb:71:in `block in tagged'
activesupport (5.2.3) lib/active_support/tagged_logging.rb:28:in `tagged'
activesupport (5.2.3) lib/active_support/tagged_logging.rb:71:in `tagged'
railties (5.2.3) lib/rails/rack/logger.rb:26:in `call'
actionpack (5.2.3) lib/action_dispatch/middleware/remote_ip.rb:81:in `call'
actionpack (5.2.3) lib/action_dispatch/middleware/request_id.rb:27:in `call'
rack (2.0.7) lib/rack/runtime.rb:22:in `call'
activesupport (5.2.3) lib/active_support/cache/strategy/local_cache_middleware.rb:29:in `call'
actionpack (5.2.3) lib/action_dispatch/middleware/executor.rb:14:in `call'
actionpack (5.2.3) lib/action_dispatch/middleware/static.rb:127:in `call'
rack (2.0.7) lib/rack/sendfile.rb:111:in `call'
railties (5.2.3) lib/rails/engine.rb:524:in `call'
puma (3.12.1) lib/puma/configuration.rb:227:in `call'
puma (3.12.1) lib/puma/server.rb:660:in `handle_request'
puma (3.12.1) lib/puma/server.rb:474:in `process_client'
puma (3.12.1) lib/puma/server.rb:334:in `block in run'
puma (3.12.1) lib/puma/thread_pool.rb:135:in `block in spawn_thread'
Started GET "/trails" for ::1 at 2019-07-30 09:11:37 -0600
Processing by TrailsController#index as HTML
Completed 204 No Content in 2ms (ActiveRecord: 0.0ms)


Started GET "/trails" for ::1 at 2019-07-30 09:11:41 -0600
Processing by TrailsController#index as HTML
Completed 204 No Content in 0ms (ActiveRecord: 0.0ms)


Started GET "/trails" for ::1 at 2019-07-30 09:11:44 -0600
Processing by TrailsController#index as HTML
Completed 204 No Content in 0ms (ActiveRecord: 0.0ms)


Started GET "/trailas" for ::1 at 2019-07-30 09:11:46 -0600
  
ActionController::RoutingError (No route matches [GET] "/trailas"):
  
actionpack (5.2.3) lib/action_dispatch/middleware/debug_exceptions.rb:65:in `call'
actionpack (5.2.3) lib/action_dispatch/middleware/show_exceptions.rb:33:in `call'
railties (5.2.3) lib/rails/rack/logger.rb:38:in `call_app'
railties (5.2.3) lib/rails/rack/logger.rb:26:in `block in call'
activesupport (5.2.3) lib/active_support/tagged_logging.rb:71:in `block in tagged'
activesupport (5.2.3) lib/active_support/tagged_logging.rb:28:in `tagged'
activesupport (5.2.3) lib/active_support/tagged_logging.rb:71:in `tagged'
railties (5.2.3) lib/rails/rack/logger.rb:26:in `call'
actionpack (5.2.3) lib/action_dispatch/middleware/remote_ip.rb:81:in `call'
actionpack (5.2.3) lib/action_dispatch/middleware/request_id.rb:27:in `call'
rack (2.0.7) lib/rack/runtime.rb:22:in `call'
activesupport (5.2.3) lib/active_support/cache/strategy/local_cache_middleware.rb:29:in `call'
actionpack (5.2.3) lib/action_dispatch/middleware/executor.rb:14:in `call'
actionpack (5.2.3) lib/action_dispatch/middleware/static.rb:127:in `call'
rack (2.0.7) lib/rack/sendfile.rb:111:in `call'
railties (5.2.3) lib/rails/engine.rb:524:in `call'
puma (3.12.1) lib/puma/configuration.rb:227:in `call'
puma (3.12.1) lib/puma/server.rb:660:in `handle_request'
puma (3.12.1) lib/puma/server.rb:474:in `process_client'
puma (3.12.1) lib/puma/server.rb:334:in `block in run'
puma (3.12.1) lib/puma/thread_pool.rb:135:in `block in spawn_thread'
Started GET "/trails" for ::1 at 2019-07-30 09:11:50 -0600
Processing by TrailsController#index as HTML
Completed 204 No Content in 0ms (ActiveRecord: 0.0ms)


Started GET "/trails" for ::1 at 2019-07-30 09:11:53 -0600
Processing by TrailsController#index as HTML
Completed 204 No Content in 0ms (ActiveRecord: 0.0ms)


Started GET "/trails" for ::1 at 2019-07-30 09:11:57 -0600
Processing by TrailsController#index as HTML
Completed 204 No Content in 0ms (ActiveRecord: 0.0ms)


Started GET "/rails/info/routes?path=trails" for ::1 at 2019-07-30 09:12:03 -0600
Processing by Rails::InfoController#routes as */*
  Parameters: {"path"=>"trails"}
Completed 200 OK in 1ms (Views: 0.2ms | ActiveRecord: 0.0ms)


Started GET "/rails/info/routes?path=trails" for ::1 at 2019-07-30 09:12:03 -0600
Processing by Rails::InfoController#routes as */*
  Parameters: {"path"=>"trails"}
Completed 200 OK in 1ms (Views: 0.2ms | ActiveRecord: 0.0ms)


Started GET "/users" for ::1 at 2019-07-30 09:12:24 -0600
Processing by UsersController#index as HTML
Completed 204 No Content in 5ms (ActiveRecord: 0.0ms)


Started GET "/users" for ::1 at 2019-07-30 09:12:30 -0600
Processing by UsersController#index as HTML
Completed 204 No Content in 0ms (ActiveRecord: 0.0ms)


